[2014-09-04 06:35:18] START
[2014-09-04 06:37:29] EDIT WhistleDetector/views/default/index.html: 31
[2014-09-04 06:38:00] EDIT WhistleDetector/views/default/index.html: 0
[2014-09-04 06:38:22] EDIT WhistleDetector/views/default/index.html: 0
[2014-09-04 06:39:07] EDIT WhistleDetector/static/plugin_layouts/layouts/Customize/style.css: -113
[2014-09-04 06:39:29] EDIT WhistleDetector/controllers/default.py: -38
[2014-09-04 06:39:56] CREATE default/record.html: 0
[2014-09-04 06:40:00] EDIT WhistleDetector/views/default/record.html: -1
[2014-09-04 06:40:19] EDIT WhistleDetector/models/db.py: 7
[2014-09-04 06:40:37] CREATE default/layoutnew.html: 0
[2014-09-04 06:40:40] EDIT WhistleDetector/views/default/layoutnew.html: 96
[2014-09-04 06:40:55] CREATE default/thanks.html: 0
[2014-09-04 06:40:58] EDIT WhistleDetector/views/default/thanks.html: 43
[2014-09-04 06:42:43] EDIT WhistleDetector/static/css/bootstrap.min.css: -2
[2014-09-04 06:44:13] UPLOAD /home/sai/web2py/applications/WhistleDetector/static/main.css: 46
[2014-09-04 06:48:50] EDIT WhistleDetector/static/js/bootstrap.min.js: 0
[2014-09-04 06:49:47] EDIT WhistleDetector/static/js/jquery.js: 0
[2014-09-04 06:50:29] EDIT WhistleDetector/views/default/index.html: 0
[2014-09-04 06:50:36] EDIT WhistleDetector/views/default/index.html: 0
[2014-09-04 06:51:47] EDIT WhistleDetector/static/css/bootstrap-responsive.min.css: 0
[2014-09-04 06:52:08] EDIT WhistleDetector/controllers/default.py: 0
[2014-09-04 06:53:42] EDIT WhistleDetector/views/default/index.html: 0
[2014-09-04 06:55:32] EDIT WhistleDetector/static/plugin_layouts/layouts/Customize/index.html: -75
[2014-09-04 06:55:53] EDIT WhistleDetector/static/plugin_layouts/layouts/Customize/index.html: 0
[2014-09-04 06:56:15] EDIT WhistleDetector/views/default/index.html: 0
[2014-09-04 06:56:32] EDIT WhistleDetector/views/default/index.html: 0
[2014-09-04 06:57:13] EDIT WhistleDetector/views/default/index.html: -1
[2014-09-04 06:57:30] EDIT WhistleDetector/views/default/index.html: 1
[2014-09-04 06:58:13] EDIT WhistleDetector/views/plugin_layouts/layouts/Customize.html: -137
[2014-09-04 06:58:53] EDIT WhistleDetector/views/default/layoutnew.html: 0
[2014-09-04 06:59:34] EDIT WhistleDetector/views/default/layoutnew.html: 0
[2014-09-04 07:00:33] CREATE layoutnew.html.py: 0
[2014-09-04 07:00:38] EDIT WhistleDetector/models/layoutnew.html.py: 99
[2014-09-04 07:00:52] EDIT WhistleDetector/models/layoutnew.html.py: 0
[2014-09-04 07:01:06] CREATE layoutnew.html: 0
[2014-09-04 07:01:10] EDIT WhistleDetector/views/layoutnew.html: 96
[2014-09-04 10:19:26] EDIT WhistleDetector/views/default/thanks.html: 0
